<?xml version="1.0" encoding="utf-8"?><testsuites name="pytest tests"><testsuite name="pytest" errors="0" failures="0" skipped="0" tests="17" time="10.525" timestamp="2026-05-17T15:05:28.180627+00:00" hostname="agent-env-fef86285-ca84-47e6-9480-0a3c59d4d5a0"><testcase classname="backend.tests.test_iteration2.TestWorkspaces" name="test_personal_workspace_present" time="0.474" /><testcase classname="backend.tests.test_iteration2.TestWorkspaces" name="test_create_rename_delete_workspace" time="0.269" /><testcase classname="backend.tests.test_iteration2.TestWorkspaces" name="test_cannot_delete_personal" time="0.099" /><testcase classname="backend.tests.test_iteration2.TestWorkspaces" name="test_switch_workspace_updates_me" time="0.307" /><testcase classname="backend.tests.test_iteration2.TestMembers" name="test_invite_existing_user_active" time="0.699" /><testcase classname="backend.tests.test_iteration2.TestMembers" name="test_invite_pending_then_auto_activate" time="0.571" /><testcase classname="backend.tests.test_iteration2.TestMembers" name="test_cannot_remove_owner" time="0.211" /><testcase classname="backend.tests.test_iteration2.TestMembers" name="test_remove_member" time="0.261" /><testcase classname="backend.tests.test_iteration2.TestWorkspaceScoping" name="test_scope_and_permissions" time="1.531" /><testcase classname="backend.tests.test_iteration2.TestShare" name="test_share_flow_for_note" time="0.560" /><testcase classname="backend.tests.test_iteration2.TestShare" name="test_share_pdf_public_download" time="0.620" /><testcase classname="backend.tests.test_iteration2.TestDeckChat" name="test_chat_post_get_delete" time="4.190" /><testcase classname="backend.tests.test_iteration2.TestDeckChat" name="test_chat_non_file_404" time="0.155" /><testcase classname="backend.tests.test_iteration2.TestDeckChat" name="test_viewer_can_chat" time="0.105" /><testcase classname="backend.tests.test_iteration2.TestRegression" name="test_categories" time="0.120" /><testcase classname="backend.tests.test_iteration2.TestRegression" name="test_me_admin" time="0.047" /><testcase classname="backend.tests.test_iteration2.TestRegression" name="test_link_preview_regression" time="0.205" /></testsuite></testsuites>