<?xml version="1.0" encoding="utf-8"?><testsuites name="pytest tests"><testsuite name="pytest" errors="0" failures="1" skipped="0" tests="29" time="7.871" timestamp="2026-05-17T14:07:01.597372+00:00" hostname="agent-env-fef86285-ca84-47e6-9480-0a3c59d4d5a0"><testcase classname="backend.tests.backend_test.TestHealth" name="test_root" time="1.279" /><testcase classname="backend.tests.backend_test.TestAuth" name="test_login_admin" time="0.389" /><testcase classname="backend.tests.backend_test.TestAuth" name="test_login_invalid" time="0.378" /><testcase classname="backend.tests.backend_test.TestAuth" name="test_me_unauthenticated" time="0.100" /><testcase classname="backend.tests.backend_test.TestAuth" name="test_me_authenticated" time="0.432" /><testcase classname="backend.tests.backend_test.TestAuth" name="test_refresh" time="0.055" /><testcase classname="backend.tests.backend_test.TestAuth" name="test_register_duplicate" time="0.108" /><testcase classname="backend.tests.backend_test.TestAuth" name="test_register_and_login" time="0.405" /><testcase classname="backend.tests.backend_test.TestAuth" name="test_logout" time="0.425" /><testcase classname="backend.tests.backend_test.TestCategories" name="test_categories_list" time="0.144" /><testcase classname="backend.tests.backend_test.TestFolders" name="test_folder_crud_and_nesting" time="0.295" /><testcase classname="backend.tests.backend_test.TestFolders" name="test_folder_invalid_category" time="0.051" /><testcase classname="backend.tests.backend_test.TestFolders" name="test_folder_unauthorized" time="0.099" /><testcase classname="backend.tests.backend_test.TestFolders" name="test_folder_isolation" time="0.540"><failure message="assert 200 == 404&#10; +  where 200 = &lt;Response [200]&gt;.status_code">backend/tests/backend_test.py:182: in test_folder_isolation
    assert r3.status_code == 404
E   assert 200 == 404
E    +  where 200 = &lt;Response [200]&gt;.status_code</failure></testcase><testcase classname="backend.tests.backend_test.TestNotesItems" name="test_create_note_and_update" time="0.424" /><testcase classname="backend.tests.backend_test.TestLinks" name="test_link_preview_example" time="0.236" /><testcase classname="backend.tests.backend_test.TestLinks" name="test_link_preview_wikipedia" time="0.320" /><testcase classname="backend.tests.backend_test.TestUploadDownload" name="test_upload_pdf_and_download" time="0.436" /><testcase classname="backend.tests.backend_test.TestUploadDownload" name="test_upload_docx" time="0.246" /><testcase classname="backend.tests.backend_test.TestUploadDownload" name="test_upload_rejects_txt" time="0.055" /><testcase classname="backend.tests.backend_test.TestUploadDownload" name="test_download_unauthenticated" time="0.390" /><testcase classname="backend.tests.backend_test.TestSearch" name="test_search_unique_term" time="0.158" /><testcase classname="backend.tests.backend_test.TestSearch" name="test_search_unauthorized" time="0.099" /><testcase classname="backend.tests.backend_test.TestAuthGuards" name="test_protected_endpoints_require_auth[/folders?category=claude-chat]" time="0.119" /><testcase classname="backend.tests.backend_test.TestAuthGuards" name="test_protected_endpoints_require_auth[/items]" time="0.104" /><testcase classname="backend.tests.backend_test.TestAuthGuards" name="test_protected_endpoints_require_auth[/notes]" time="0.122" /><testcase classname="backend.tests.backend_test.TestAuthGuards" name="test_protected_endpoints_require_auth[/links]" time="0.119" /><testcase classname="backend.tests.backend_test.TestAuthGuards" name="test_protected_endpoints_require_auth[/upload]" time="0.113" /><testcase classname="backend.tests.backend_test.TestAuthGuards" name="test_protected_endpoints_require_auth[/search?q=test]" time="0.106" /></testsuite></testsuites>